Traceback (most recent call last):
  File "/home/rosa/anaconda3/envs/jupyterbook/lib/python3.10/site-packages/jupyter_cache/executors/utils.py", line 58, in single_nb_execution
    executenb(
  File "/home/rosa/.local/lib/python3.10/site-packages/nbclient/client.py", line 1314, in execute
    return NotebookClient(nb=nb, resources=resources, km=km, **kwargs).execute()
  File "/home/rosa/.local/lib/python3.10/site-packages/jupyter_core/utils/__init__.py", line 165, in wrapped
    return loop.run_until_complete(inner)
  File "/home/rosa/anaconda3/envs/jupyterbook/lib/python3.10/asyncio/base_events.py", line 649, in run_until_complete
    return future.result()
  File "/home/rosa/.local/lib/python3.10/site-packages/nbclient/client.py", line 709, in async_execute
    await self.async_execute_cell(
  File "/home/rosa/.local/lib/python3.10/site-packages/nbclient/client.py", line 1062, in async_execute_cell
    await self._check_raise_for_error(cell, cell_index, exec_reply)
  File "/home/rosa/.local/lib/python3.10/site-packages/nbclient/client.py", line 918, in _check_raise_for_error
    raise CellExecutionError.from_cell_and_msg(cell, exec_reply_content)
nbclient.exceptions.CellExecutionError: An error occurred while executing the following cell:
------------------
import pandas as pd
import matplotlib.pyplot as plt
import seaborn as sns

# Load the data
file_path = '/Users/nevinezaza/Documents/GitHub/vis/docs/owid-covid-data.csv'
df = pd.read_csv(file_path)

# Filter the data for the year 2021
df['date'] = pd.to_datetime(df['date'])
df_2021 = df[df['date'].dt.year == 2021]

# Get the last available value of total_tests_per_thousand and total_cases for each location in 2021
last_values = df_2021.groupby('location').apply(lambda x: x.loc[x['date'].idxmax()]).reset_index(drop=True)

# Select relevant columns and drop rows with missing values
filtered_data = last_values[['location', 'total_tests_per_thousand', 'total_cases']].dropna()

# Inspect data for zeros
zeros_in_tests = filtered_data[filtered_data['total_tests_per_thousand'] == 0]
zeros_in_cases = filtered_data[filtered_data['total_cases'] == 0]


# Remove zeros before removing outliers
filtered_data = filtered_data[(filtered_data['total_tests_per_thousand'] != 0) & (filtered_data['total_cases'] != 0)]

# Remove outliers using IQR method
Q1_tests = filtered_data['total_tests_per_thousand'].quantile(0.25)
Q3_tests = filtered_data['total_tests_per_thousand'].quantile(0.75)
IQR_tests = Q3_tests - Q1_tests

Q1_cases = filtered_data['total_cases'].quantile(0.25)
Q3_cases = filtered_data['total_cases'].quantile(0.75)
IQR_cases = Q3_cases - Q1_cases

# Define the range for non-outliers
lower_bound_tests = Q1_tests - 1.5 * IQR_tests
upper_bound_tests = Q3_tests + 1.5 * IQR_tests
lower_bound_cases = Q1_cases - 1.5 * IQR_cases
upper_bound_cases = Q3_cases + 1.5 * IQR_cases

# Filter the data to remove outliers
filtered_data_no_outliers = filtered_data[
    (filtered_data['total_tests_per_thousand'] >= lower_bound_tests) &
    (filtered_data['total_tests_per_thousand'] <= upper_bound_tests) &
    (filtered_data['total_cases'] >= lower_bound_cases) &
    (filtered_data['total_cases'] <= upper_bound_cases)
]

# Scatter plot with regression line
plt.figure(figsize=(10, 6))
sns.scatterplot(data=filtered_data_no_outliers, x='total_tests_per_thousand', y='total_cases')
sns.regplot(data=filtered_data_no_outliers, x='total_tests_per_thousand', y='total_cases', scatter=False, color='blue')

plt.title('Tests per Thousand vs Total Cases (2021)')
plt.xlabel('Total Tests per Thousand')
plt.ylabel('Total Cases')
plt.grid(True)
plt.show()

------------------


[0;31m---------------------------------------------------------------------------[0m
[0;31mFileNotFoundError[0m                         Traceback (most recent call last)
Cell [0;32mIn[1], line 7[0m
[1;32m      5[0m [38;5;66;03m# Load the data[39;00m
[1;32m      6[0m file_path [38;5;241m=[39m [38;5;124m'[39m[38;5;124m/Users/nevinezaza/Documents/GitHub/vis/docs/owid-covid-data.csv[39m[38;5;124m'[39m
[0;32m----> 7[0m df [38;5;241m=[39m [43mpd[49m[38;5;241;43m.[39;49m[43mread_csv[49m[43m([49m[43mfile_path[49m[43m)[49m
[1;32m      9[0m [38;5;66;03m# Filter the data for the year 2021[39;00m
[1;32m     10[0m df[[38;5;124m'[39m[38;5;124mdate[39m[38;5;124m'[39m] [38;5;241m=[39m pd[38;5;241m.[39mto_datetime(df[[38;5;124m'[39m[38;5;124mdate[39m[38;5;124m'[39m])

File [0;32m~/.local/lib/python3.10/site-packages/pandas/io/parsers/readers.py:1026[0m, in [0;36mread_csv[0;34m(filepath_or_buffer, sep, delimiter, header, names, index_col, usecols, dtype, engine, converters, true_values, false_values, skipinitialspace, skiprows, skipfooter, nrows, na_values, keep_default_na, na_filter, verbose, skip_blank_lines, parse_dates, infer_datetime_format, keep_date_col, date_parser, date_format, dayfirst, cache_dates, iterator, chunksize, compression, thousands, decimal, lineterminator, quotechar, quoting, doublequote, escapechar, comment, encoding, encoding_errors, dialect, on_bad_lines, delim_whitespace, low_memory, memory_map, float_precision, storage_options, dtype_backend)[0m
[1;32m   1013[0m kwds_defaults [38;5;241m=[39m _refine_defaults_read(
[1;32m   1014[0m     dialect,
[1;32m   1015[0m     delimiter,
[0;32m   (...)[0m
[1;32m   1022[0m     dtype_backend[38;5;241m=[39mdtype_backend,
[1;32m   1023[0m )
[1;32m   1024[0m kwds[38;5;241m.[39mupdate(kwds_defaults)
[0;32m-> 1026[0m [38;5;28;01mreturn[39;00m [43m_read[49m[43m([49m[43mfilepath_or_buffer[49m[43m,[49m[43m [49m[43mkwds[49m[43m)[49m

File [0;32m~/.local/lib/python3.10/site-packages/pandas/io/parsers/readers.py:620[0m, in [0;36m_read[0;34m(filepath_or_buffer, kwds)[0m
[1;32m    617[0m _validate_names(kwds[38;5;241m.[39mget([38;5;124m"[39m[38;5;124mnames[39m[38;5;124m"[39m, [38;5;28;01mNone[39;00m))
[1;32m    619[0m [38;5;66;03m# Create the parser.[39;00m
[0;32m--> 620[0m parser [38;5;241m=[39m [43mTextFileReader[49m[43m([49m[43mfilepath_or_buffer[49m[43m,[49m[43m [49m[38;5;241;43m*[39;49m[38;5;241;43m*[39;49m[43mkwds[49m[43m)[49m
[1;32m    622[0m [38;5;28;01mif[39;00m chunksize [38;5;129;01mor[39;00m iterator:
[1;32m    623[0m     [38;5;28;01mreturn[39;00m parser

File [0;32m~/.local/lib/python3.10/site-packages/pandas/io/parsers/readers.py:1620[0m, in [0;36mTextFileReader.__init__[0;34m(self, f, engine, **kwds)[0m
[1;32m   1617[0m     [38;5;28mself[39m[38;5;241m.[39moptions[[38;5;124m"[39m[38;5;124mhas_index_names[39m[38;5;124m"[39m] [38;5;241m=[39m kwds[[38;5;124m"[39m[38;5;124mhas_index_names[39m[38;5;124m"[39m]
[1;32m   1619[0m [38;5;28mself[39m[38;5;241m.[39mhandles: IOHandles [38;5;241m|[39m [38;5;28;01mNone[39;00m [38;5;241m=[39m [38;5;28;01mNone[39;00m
[0;32m-> 1620[0m [38;5;28mself[39m[38;5;241m.[39m_engine [38;5;241m=[39m [38;5;28;43mself[39;49m[38;5;241;43m.[39;49m[43m_make_engine[49m[43m([49m[43mf[49m[43m,[49m[43m [49m[38;5;28;43mself[39;49m[38;5;241;43m.[39;49m[43mengine[49m[43m)[49m

File [0;32m~/.local/lib/python3.10/site-packages/pandas/io/parsers/readers.py:1880[0m, in [0;36mTextFileReader._make_engine[0;34m(self, f, engine)[0m
[1;32m   1878[0m     [38;5;28;01mif[39;00m [38;5;124m"[39m[38;5;124mb[39m[38;5;124m"[39m [38;5;129;01mnot[39;00m [38;5;129;01min[39;00m mode:
[1;32m   1879[0m         mode [38;5;241m+[39m[38;5;241m=[39m [38;5;124m"[39m[38;5;124mb[39m[38;5;124m"[39m
[0;32m-> 1880[0m [38;5;28mself[39m[38;5;241m.[39mhandles [38;5;241m=[39m [43mget_handle[49m[43m([49m
[1;32m   1881[0m [43m    [49m[43mf[49m[43m,[49m
[1;32m   1882[0m [43m    [49m[43mmode[49m[43m,[49m
[1;32m   1883[0m [43m    [49m[43mencoding[49m[38;5;241;43m=[39;49m[38;5;28;43mself[39;49m[38;5;241;43m.[39;49m[43moptions[49m[38;5;241;43m.[39;49m[43mget[49m[43m([49m[38;5;124;43m"[39;49m[38;5;124;43mencoding[39;49m[38;5;124;43m"[39;49m[43m,[49m[43m [49m[38;5;28;43;01mNone[39;49;00m[43m)[49m[43m,[49m
[1;32m   1884[0m [43m    [49m[43mcompression[49m[38;5;241;43m=[39;49m[38;5;28;43mself[39;49m[38;5;241;43m.[39;49m[43moptions[49m[38;5;241;43m.[39;49m[43mget[49m[43m([49m[38;5;124;43m"[39;49m[38;5;124;43mcompression[39;49m[38;5;124;43m"[39;49m[43m,[49m[43m [49m[38;5;28;43;01mNone[39;49;00m[43m)[49m[43m,[49m
[1;32m   1885[0m [43m    [49m[43mmemory_map[49m[38;5;241;43m=[39;49m[38;5;28;43mself[39;49m[38;5;241;43m.[39;49m[43moptions[49m[38;5;241;43m.[39;49m[43mget[49m[43m([49m[38;5;124;43m"[39;49m[38;5;124;43mmemory_map[39;49m[38;5;124;43m"[39;49m[43m,[49m[43m [49m[38;5;28;43;01mFalse[39;49;00m[43m)[49m[43m,[49m
[1;32m   1886[0m [43m    [49m[43mis_text[49m[38;5;241;43m=[39;49m[43mis_text[49m[43m,[49m
[1;32m   1887[0m [43m    [49m[43merrors[49m[38;5;241;43m=[39;49m[38;5;28;43mself[39;49m[38;5;241;43m.[39;49m[43moptions[49m[38;5;241;43m.[39;49m[43mget[49m[43m([49m[38;5;124;43m"[39;49m[38;5;124;43mencoding_errors[39;49m[38;5;124;43m"[39;49m[43m,[49m[43m [49m[38;5;124;43m"[39;49m[38;5;124;43mstrict[39;49m[38;5;124;43m"[39;49m[43m)[49m[43m,[49m
[1;32m   1888[0m [43m    [49m[43mstorage_options[49m[38;5;241;43m=[39;49m[38;5;28;43mself[39;49m[38;5;241;43m.[39;49m[43moptions[49m[38;5;241;43m.[39;49m[43mget[49m[43m([49m[38;5;124;43m"[39;49m[38;5;124;43mstorage_options[39;49m[38;5;124;43m"[39;49m[43m,[49m[43m [49m[38;5;28;43;01mNone[39;49;00m[43m)[49m[43m,[49m
[1;32m   1889[0m [43m[49m[43m)[49m
[1;32m   1890[0m [38;5;28;01massert[39;00m [38;5;28mself[39m[38;5;241m.[39mhandles [38;5;129;01mis[39;00m [38;5;129;01mnot[39;00m [38;5;28;01mNone[39;00m
[1;32m   1891[0m f [38;5;241m=[39m [38;5;28mself[39m[38;5;241m.[39mhandles[38;5;241m.[39mhandle

File [0;32m~/.local/lib/python3.10/site-packages/pandas/io/common.py:873[0m, in [0;36mget_handle[0;34m(path_or_buf, mode, encoding, compression, memory_map, is_text, errors, storage_options)[0m
[1;32m    868[0m [38;5;28;01melif[39;00m [38;5;28misinstance[39m(handle, [38;5;28mstr[39m):
[1;32m    869[0m     [38;5;66;03m# Check whether the filename is to be opened in binary mode.[39;00m
[1;32m    870[0m     [38;5;66;03m# Binary mode does not support 'encoding' and 'newline'.[39;00m
[1;32m    871[0m     [38;5;28;01mif[39;00m ioargs[38;5;241m.[39mencoding [38;5;129;01mand[39;00m [38;5;124m"[39m[38;5;124mb[39m[38;5;124m"[39m [38;5;129;01mnot[39;00m [38;5;129;01min[39;00m ioargs[38;5;241m.[39mmode:
[1;32m    872[0m         [38;5;66;03m# Encoding[39;00m
[0;32m--> 873[0m         handle [38;5;241m=[39m [38;5;28;43mopen[39;49m[43m([49m
[1;32m    874[0m [43m            [49m[43mhandle[49m[43m,[49m
[1;32m    875[0m [43m            [49m[43mioargs[49m[38;5;241;43m.[39;49m[43mmode[49m[43m,[49m
[1;32m    876[0m [43m            [49m[43mencoding[49m[38;5;241;43m=[39;49m[43mioargs[49m[38;5;241;43m.[39;49m[43mencoding[49m[43m,[49m
[1;32m    877[0m [43m            [49m[43merrors[49m[38;5;241;43m=[39;49m[43merrors[49m[43m,[49m
[1;32m    878[0m [43m            [49m[43mnewline[49m[38;5;241;43m=[39;49m[38;5;124;43m"[39;49m[38;5;124;43m"[39;49m[43m,[49m
[1;32m    879[0m [43m        [49m[43m)[49m
[1;32m    880[0m     [38;5;28;01melse[39;00m:
[1;32m    881[0m         [38;5;66;03m# Binary mode[39;00m
[1;32m    882[0m         handle [38;5;241m=[39m [38;5;28mopen[39m(handle, ioargs[38;5;241m.[39mmode)

[0;31mFileNotFoundError[0m: [Errno 2] No such file or directory: '/Users/nevinezaza/Documents/GitHub/vis/docs/owid-covid-data.csv'

